2011-11-07 12:01:40 Warning: Warning (512): Method HtmlHelper::js does not exist in [/srv/http/scout/src/cake/libs/view/helper.php, line 154]
2011-11-07 12:52:44 Warning: Warning (2): mysql_connect() [http://php.net/function.mysql-connect]: [2002] No such file or directory (trying to connect via unix:///var/run/mysqld/mysqld.sock) in [/srv/http/scout/src/cake/libs/model/datasources/dbo/dbo_mysql.php, line 561]
2011-11-07 12:52:44 Warning: Warning (2): mysql_connect() [http://php.net/function.mysql-connect]: No such file or directory in [/srv/http/scout/src/cake/libs/model/datasources/dbo/dbo_mysql.php, line 561]
2011-11-07 12:59:16 Warning: Warning (2): mysql_connect() [http://php.net/function.mysql-connect]: [2002] No such file or directory (trying to connect via unix:///var/run/mysqld/mysqld.sock) in [/srv/http/scout/src/cake/libs/model/datasources/dbo/dbo_mysql.php, line 561]
2011-11-07 12:59:16 Warning: Warning (2): mysql_connect() [http://php.net/function.mysql-connect]: No such file or directory in [/srv/http/scout/src/cake/libs/model/datasources/dbo/dbo_mysql.php, line 561]
2011-11-07 12:59:17 Warning: Warning (2): mysql_connect() [http://php.net/function.mysql-connect]: [2002] No such file or directory (trying to connect via unix:///var/run/mysqld/mysqld.sock) in [/srv/http/scout/src/cake/libs/model/datasources/dbo/dbo_mysql.php, line 561]
2011-11-07 12:59:17 Warning: Warning (2): mysql_connect() [http://php.net/function.mysql-connect]: No such file or directory in [/srv/http/scout/src/cake/libs/model/datasources/dbo/dbo_mysql.php, line 561]
2011-11-07 12:59:18 Warning: Warning (2): mysql_connect() [http://php.net/function.mysql-connect]: [2002] No such file or directory (trying to connect via unix:///var/run/mysqld/mysqld.sock) in [/srv/http/scout/src/cake/libs/model/datasources/dbo/dbo_mysql.php, line 561]
2011-11-07 12:59:18 Warning: Warning (2): mysql_connect() [http://php.net/function.mysql-connect]: No such file or directory in [/srv/http/scout/src/cake/libs/model/datasources/dbo/dbo_mysql.php, line 561]
2011-11-07 12:59:19 Warning: Warning (2): mysql_connect() [http://php.net/function.mysql-connect]: [2002] No such file or directory (trying to connect via unix:///var/run/mysqld/mysqld.sock) in [/srv/http/scout/src/cake/libs/model/datasources/dbo/dbo_mysql.php, line 561]
2011-11-07 12:59:19 Warning: Warning (2): mysql_connect() [http://php.net/function.mysql-connect]: No such file or directory in [/srv/http/scout/src/cake/libs/model/datasources/dbo/dbo_mysql.php, line 561]
2011-11-07 12:59:19 Warning: Warning (2): mysql_connect() [http://php.net/function.mysql-connect]: [2002] No such file or directory (trying to connect via unix:///var/run/mysqld/mysqld.sock) in [/srv/http/scout/src/cake/libs/model/datasources/dbo/dbo_mysql.php, line 561]
2011-11-07 12:59:19 Warning: Warning (2): mysql_connect() [http://php.net/function.mysql-connect]: No such file or directory in [/srv/http/scout/src/cake/libs/model/datasources/dbo/dbo_mysql.php, line 561]
2011-11-07 12:59:20 Warning: Warning (2): mysql_connect() [http://php.net/function.mysql-connect]: [2002] No such file or directory (trying to connect via unix:///var/run/mysqld/mysqld.sock) in [/srv/http/scout/src/cake/libs/model/datasources/dbo/dbo_mysql.php, line 561]
2011-11-07 12:59:20 Warning: Warning (2): mysql_connect() [http://php.net/function.mysql-connect]: No such file or directory in [/srv/http/scout/src/cake/libs/model/datasources/dbo/dbo_mysql.php, line 561]
2011-11-07 12:59:20 Warning: Warning (2): mysql_connect() [http://php.net/function.mysql-connect]: [2002] No such file or directory (trying to connect via unix:///var/run/mysqld/mysqld.sock) in [/srv/http/scout/src/cake/libs/model/datasources/dbo/dbo_mysql.php, line 561]
2011-11-07 12:59:20 Warning: Warning (2): mysql_connect() [http://php.net/function.mysql-connect]: No such file or directory in [/srv/http/scout/src/cake/libs/model/datasources/dbo/dbo_mysql.php, line 561]
2011-11-07 12:59:20 Warning: Warning (2): mysql_connect() [http://php.net/function.mysql-connect]: [2002] No such file or directory (trying to connect via unix:///var/run/mysqld/mysqld.sock) in [/srv/http/scout/src/cake/libs/model/datasources/dbo/dbo_mysql.php, line 561]
2011-11-07 12:59:20 Warning: Warning (2): mysql_connect() [http://php.net/function.mysql-connect]: No such file or directory in [/srv/http/scout/src/cake/libs/model/datasources/dbo/dbo_mysql.php, line 561]
2011-11-07 12:59:27 Warning: Warning (2): mysql_connect() [http://php.net/function.mysql-connect]: [2002] No such file or directory (trying to connect via unix:///var/run/mysqld/mysqld.sock) in [/srv/http/scout/src/cake/libs/model/datasources/dbo/dbo_mysql.php, line 561]
2011-11-07 12:59:27 Warning: Warning (2): mysql_connect() [http://php.net/function.mysql-connect]: No such file or directory in [/srv/http/scout/src/cake/libs/model/datasources/dbo/dbo_mysql.php, line 561]
2011-11-07 13:54:03 Warning: Warning (2): preg_match() [http://php.net/function.preg-match]: Empty regular expression in [/srv/http/scout/src/cake/libs/model/model.php, line 2619]
2011-11-07 13:54:06 Warning: Warning (2): preg_match() [http://php.net/function.preg-match]: Empty regular expression in [/srv/http/scout/src/cake/libs/model/model.php, line 2619]
2011-11-07 13:54:43 Warning: Warning (2): preg_match() [http://php.net/function.preg-match]: Empty regular expression in [/srv/http/scout/src/cake/libs/model/model.php, line 2619]
2011-11-07 13:54:55 Warning: Warning (2): preg_match() [http://php.net/function.preg-match]: Empty regular expression in [/srv/http/scout/src/cake/libs/model/model.php, line 2619]
2011-11-07 13:55:00 Warning: Warning (2): preg_match() [http://php.net/function.preg-match]: Empty regular expression in [/srv/http/scout/src/cake/libs/model/model.php, line 2619]
2011-11-07 15:01:30 Warning: Warning (512): Could not find validation handler required for nom in [/srv/http/scout/src/cake/libs/model/model.php, line 2621]
2011-11-07 15:01:57 Warning: Warning (512): Could not find validation handler required for nom in [/srv/http/scout/src/cake/libs/model/model.php, line 2621]
2011-11-07 15:02:08 Warning: Warning (512): Could not find validation handler required for nom in [/srv/http/scout/src/cake/libs/model/model.php, line 2621]
2011-11-07 15:02:26 Warning: Warning (512): Could not find validation handler required for nom in [/srv/http/scout/src/cake/libs/model/model.php, line 2621]
2011-11-07 15:02:39 Warning: Warning (512): Could not find validation handler required for nom in [/srv/http/scout/src/cake/libs/model/model.php, line 2621]
2011-11-07 15:02:41 Warning: Warning (512): Could not find validation handler required for nom in [/srv/http/scout/src/cake/libs/model/model.php, line 2621]
2011-11-07 15:02:46 Warning: Warning (512): Could not find validation handler required for nom in [/srv/http/scout/src/cake/libs/model/model.php, line 2621]
2011-11-07 15:03:23 Warning: Warning (512): Could not find validation handler required for nom in [/srv/http/scout/src/cake/libs/model/model.php, line 2621]
2011-11-07 15:03:35 Warning: Warning (512): Could not find validation handler required for nom in [/srv/http/scout/src/cake/libs/model/model.php, line 2621]
2011-11-07 15:03:42 Warning: Warning (512): Could not find validation handler required for nom in [/srv/http/scout/src/cake/libs/model/model.php, line 2621]
2011-11-07 15:03:54 Warning: Warning (512): Could not find validation handler required for nom in [/srv/http/scout/src/cake/libs/model/model.php, line 2621]
2011-11-07 15:05:36 Warning: Warning (512): Could not find validation handler required for nom in [/srv/http/scout/src/cake/libs/model/model.php, line 2621]
2011-11-07 15:07:28 Warning: Warning (512): Could not find validation handler required for nom in [/srv/http/scout/src/cake/libs/model/model.php, line 2621]
2011-11-07 15:08:34 Warning: Warning (512): Could not find validation handler required for nom in [/srv/http/scout/src/cake/libs/model/model.php, line 2621]
2011-11-08 14:56:55 Warning: Warning (2): Invalid argument supplied for foreach() in [/srv/http/scout/src/app/views/inscrire_enfant/index.ctp, line 90]
2011-11-08 15:31:13 Warning: Warning (512): Could not find validation handler required for nom in [/srv/http/scout/src/cake/libs/model/model.php, line 2621]
2011-11-08 15:31:44 Warning: Warning (512): Could not find validation handler required for nom in [/srv/http/scout/src/cake/libs/model/model.php, line 2621]
2011-11-08 19:08:23 Warning: Warning (2): Invalid argument supplied for foreach() in [/srv/http/scout/src/app/views/gestionnaire_paiement/index.ctp, line 17]
2011-11-08 19:21:01 Warning: Warning (2): Invalid argument supplied for foreach() in [/srv/http/scout/src/app/views/gestionnaire_paiement/index.ctp, line 28]
2011-11-08 19:21:19 Warning: Warning (2): Invalid argument supplied for foreach() in [/srv/http/scout/src/app/views/gestionnaire_paiement/index.ctp, line 28]
2011-11-08 19:25:24 Warning: Warning (2): Invalid argument supplied for foreach() in [/srv/http/scout/src/app/views/gestionnaire_paiement/index.ctp, line 27]
2011-11-09 18:40:50 Warning: Warning (512): <span style="color:Red;text-align:left"><b>SQL Error:</b> 1064: You have an error in your SQL syntax; check the manual that corresponds to your MySQL server version for the right syntax to use near 'loadModel' at line 1</span> in [/srv/http/scout/src/cake/libs/model/datasources/dbo_source.php, line 684]
2011-11-09 18:49:23 Warning: Warning (2): Invalid argument supplied for foreach() in [/srv/http/scout/src/app/views/gestionnaire_paiement/index.ctp, line 17]
2011-11-09 18:50:44 Warning: Warning (2): Invalid argument supplied for foreach() in [/srv/http/scout/src/app/views/gestionnaire_paiement/index.ctp, line 17]
2011-11-09 18:50:59 Warning: Warning (2): Invalid argument supplied for foreach() in [/srv/http/scout/src/app/views/gestionnaire_paiement/index.ctp, line 19]
2011-11-09 18:51:01 Warning: Warning (2): Invalid argument supplied for foreach() in [/srv/http/scout/src/app/views/gestionnaire_paiement/index.ctp, line 19]
2011-11-09 19:06:37 Warning: Warning (2): Invalid argument supplied for foreach() in [/srv/http/scout/src/app/controllers/gestionnaire_paiement_controller.php, line 39]
2011-11-09 19:08:10 Warning: Warning (2): Invalid argument supplied for foreach() in [/srv/http/scout/src/app/controllers/gestionnaire_paiement_controller.php, line 39]
2011-11-09 19:15:43 Warning: Warning (2): Invalid argument supplied for foreach() in [/srv/http/scout/src/app/controllers/gestionnaire_paiement_controller.php, line 42]
2011-11-10 08:00:57 Warning: Warning (2): Invalid argument supplied for foreach() in [/srv/http/scout/src/app/views/gestionnaire_paiement/index.ctp, line 17]
2011-11-10 08:24:09 Warning: Warning (2): Invalid argument supplied for foreach() in [/srv/http/scout/src/app/views/gestionnaire_paiement/index.ctp, line 17]
2011-11-10 08:24:53 Warning: Warning (2): Invalid argument supplied for foreach() in [/srv/http/scout/src/app/views/gestionnaire_paiement/index.ctp, line 17]
2011-11-10 08:35:55 Warning: Warning (2): Invalid argument supplied for foreach() in [/srv/http/scout/src/app/views/gestionnaire_paiement/index.ctp, line 17]
2011-11-10 13:24:56 Warning: Warning (2): Invalid argument supplied for foreach() in [/srv/http/scout/src/app/views/gestionnaire_paiement/index.ctp, line 17]
2011-11-10 14:15:20 Warning: Warning (2): Invalid argument supplied for foreach() in [/srv/http/scout/src/app/views/gestionnaire_paiement/index.ctp, line 17]
2011-11-10 14:50:53 Warning: Warning (2): Invalid argument supplied for foreach() in [/srv/http/scout/src/app/views/inscrire_enfant/index.ctp, line 91]
2011-11-10 14:51:15 Warning: Warning (2): Invalid argument supplied for foreach() in [/srv/http/scout/src/app/views/inscrire_enfant/index.ctp, line 91]
2011-11-10 14:51:18 Warning: Warning (2): Invalid argument supplied for foreach() in [/srv/http/scout/src/app/views/inscrire_enfant/index.ctp, line 91]
2011-11-10 16:19:25 Warning: Warning (512): Could not find validation handler required for nom in [/srv/http/scout/src/cake/libs/model/model.php, line 2621]
2011-11-10 16:19:57 Warning: Warning (512): Could not find validation handler required for nom in [/srv/http/scout/src/cake/libs/model/model.php, line 2621]
2011-11-10 16:24:26 Warning: Warning (512): Could not find validation handler required for nom in [/srv/http/scout/src/cake/libs/model/model.php, line 2621]
2011-11-10 16:34:08 Warning: Warning (512): Could not find validation handler required for nom in [/srv/http/scout/src/cake/libs/model/model.php, line 2621]
2011-11-10 16:34:25 Warning: Warning (512): Could not find validation handler required for nom in [/srv/http/scout/src/cake/libs/model/model.php, line 2621]
2011-11-10 16:38:52 Warning: Warning (512): Could not find validation handler required for nom in [/srv/http/scout/src/cake/libs/model/model.php, line 2621]
2011-11-10 16:39:44 Warning: Warning (2): preg_match() [http://php.net/function.preg-match]: Empty regular expression in [/srv/http/scout/src/cake/libs/model/model.php, line 2619]
2011-11-11 14:52:13 Warning: Warning (2): Invalid argument supplied for foreach() in [/srv/http/scout/src/app/controllers/inscrire_enfant_controller.php, line 57]
2011-11-11 16:11:12 Warning: Warning (2): Invalid argument supplied for foreach() in [/srv/http/scout/src/app/views/gestionnaire_paiement/index.ctp, line 93]
2011-11-11 18:51:14 Warning: Warning (2): Invalid argument supplied for foreach() in [/srv/http/scout/src/app/views/elements/repartition.ctp, line 8]
2011-11-11 18:52:34 Warning: Warning (2): Invalid argument supplied for foreach() in [/srv/http/scout/src/app/views/elements/repartition.ctp, line 8]
2011-11-12 10:24:20 Warning: Warning (2): Invalid argument supplied for foreach() in [/srv/http/scout/src/app/controllers/inscrire_enfant_controller.php, line 57]
2011-11-12 10:25:07 Warning: Warning (2): Invalid argument supplied for foreach() in [/srv/http/scout/src/app/controllers/inscrire_enfant_controller.php, line 57]
2011-11-12 10:34:41 Warning: Warning (512): <span style="color:Red;text-align:left"><b>SQL Error:</b> 1062: Duplicate entry 'ssss' for key 'nom_utilisateur_UNIQUE'</span> in [/srv/http/scout/src/cake/libs/model/datasources/dbo_source.php, line 684]
2011-11-12 10:34:41 Warning: Warning (512): <span style="color:Red;text-align:left"><b>SQL Error:</b> 1452: Cannot add or update a child row: a foreign key constraint fails (`scout102`.`adultes`, CONSTRAINT `FK_adultes_comptes` FOREIGN KEY (`compte_id`) REFERENCES `comptes` (`id`) ON DELETE NO ACTION ON UPDATE NO ACTION)</span> in [/srv/http/scout/src/cake/libs/model/datasources/dbo_source.php, line 684]
2011-11-12 10:34:41 Warning: Warning (2): Invalid argument supplied for foreach() in [/srv/http/scout/src/app/controllers/inscrire_adulte_controller.php, line 55]
2011-11-12 10:35:40 Warning: Warning (2): Invalid argument supplied for foreach() in [/srv/http/scout/src/app/controllers/inscrire_adulte_controller.php, line 55]
2011-11-12 10:36:32 Warning: Warning (512): <span style="color:Red;text-align:left"><b>SQL Error:</b> 1452: Cannot add or update a child row: a foreign key constraint fails (`scout102`.`adultes_implications`, CONSTRAINT `fk_adultes_implications_adultes` FOREIGN KEY (`adulte_id`) REFERENCES `adultes` (`id`) ON DELETE NO ACTION ON UPDATE NO ACTION)</span> in [/srv/http/scout/src/cake/libs/model/datasources/dbo_source.php, line 684]
2011-11-12 14:54:16 Warning: Warning (4096): Argument 1 passed to GestionnairePaiement::getNbInscriptionPayé() must be an instance of int, integer given, called in /srv/http/scout/src/app/controllers/gestionnaire_paiement_controller.php on line 35 and defined in [/srv/http/scout/src/app/models/gestionnaire_paiement.php, line 60]
2011-11-12 14:54:16 Warning: Warning (4096): Argument 1 passed to GestionnairePaiement::getInscriptionNonPayé() must be an instance of int, integer given, called in /srv/http/scout/src/app/controllers/gestionnaire_paiement_controller.php on line 36 and defined in [/srv/http/scout/src/app/models/gestionnaire_paiement.php, line 82]
2011-11-12 14:54:51 Warning: Warning (4096): Argument 1 passed to GestionnairePaiement::getNbInscriptionPayé() must be an instance of integer, integer given, called in /srv/http/scout/src/app/controllers/gestionnaire_paiement_controller.php on line 35 and defined in [/srv/http/scout/src/app/models/gestionnaire_paiement.php, line 60]
2011-11-12 14:54:51 Warning: Warning (4096): Argument 1 passed to GestionnairePaiement::getInscriptionNonPayé() must be an instance of integer, integer given, called in /srv/http/scout/src/app/controllers/gestionnaire_paiement_controller.php on line 36 and defined in [/srv/http/scout/src/app/models/gestionnaire_paiement.php, line 82]
2011-11-12 16:22:15 Warning: Warning (2): end() expects parameter 1 to be array, string given in [/srv/http/scout/src/app/views/gestionnaire_paiement/effectuer_paiement.ctp, line 50]
2011-11-12 16:22:21 Warning: Warning (2): end() expects parameter 1 to be array, string given in [/srv/http/scout/src/app/views/gestionnaire_paiement/effectuer_paiement.ctp, line 50]
2011-11-12 21:36:53 Warning: Warning (2): Invalid argument supplied for foreach() in [/srv/http/scout/src/app/views/gestionnaire_paiement/effectuer_paiement.ctp, line 32]
2011-11-12 21:36:53 Warning: Warning (2): Invalid argument supplied for foreach() in [/srv/http/scout/src/app/views/gestionnaire_paiement/effectuer_paiement.ctp, line 76]
2011-11-12 21:37:44 Warning: Warning (2): Invalid argument supplied for foreach() in [/srv/http/scout/src/app/views/gestionnaire_paiement/effectuer_paiement.ctp, line 32]
2011-11-12 21:37:44 Warning: Warning (2): Invalid argument supplied for foreach() in [/srv/http/scout/src/app/views/gestionnaire_paiement/effectuer_paiement.ctp, line 75]
2011-11-13 12:49:32 Warning: Warning (2): Invalid argument supplied for foreach() in [/srv/http/scout/src/app/controllers/inscrire_enfant_controller.php, line 57]
2011-11-13 13:24:14 Warning: Warning (512): <span style="color:Red;text-align:left"><b>SQL Error:</b> 1054: Unknown column 'paiement_types.type_carte' in 'group statement'</span> in [/srv/http/scout/src/cake/libs/model/datasources/dbo_source.php, line 684]
2011-11-13 13:24:14 Warning: Warning (2): Invalid argument supplied for foreach() in [/srv/http/scout/src/app/views/gestionnaire_paiement/index.ctp, line 19]
2011-11-13 13:24:56 Warning: Warning (512): <span style="color:Red;text-align:left"><b>SQL Error:</b> 1054: Unknown column 'paiement_types.type_carte' in 'group statement'</span> in [/srv/http/scout/src/cake/libs/model/datasources/dbo_source.php, line 684]
2011-11-13 13:24:56 Warning: Warning (2): Invalid argument supplied for foreach() in [/srv/http/scout/src/app/views/gestionnaire_paiement/index.ctp, line 19]
2011-11-13 13:46:33 Warning: Warning (2): date() expects at least 1 parameter, 0 given in [/srv/http/scout/src/app/controllers/gestionnaire_paiement_controller.php, line 79]
2011-11-13 13:55:30 Warning: Warning (4096): Object of class stdClass could not be converted to string in [/srv/http/scout/src/app/controllers/gestionnaire_paiement_controller.php, line 79]
2011-11-13 13:58:39 Warning: Warning (512): <span style="color:Red;text-align:left"><b>SQL Error:</b> 1452: Cannot add or update a child row: a foreign key constraint fails (`scout102`.`factures`, CONSTRAINT `fk_factures_nb_versements` FOREIGN KEY (`nb_versement_id`) REFERENCES `nb_versements` (`id`) ON DELETE NO ACTION ON UPDATE NO ACTION)</span> in [/srv/http/scout/src/cake/libs/model/datasources/dbo_source.php, line 684]
2011-11-13 14:02:24 Warning: Warning (2): Invalid argument supplied for foreach() in [/srv/http/scout/src/app/controllers/inscrire_enfant_controller.php, line 57]
2011-11-13 14:11:53 Warning: Warning (512): Could not find validation handler required for nom in [/srv/http/scout/src/cake/libs/model/model.php, line 2621]
2011-11-13 14:11:53 Warning: Warning (512): Could not find validation handler required for prenom in [/srv/http/scout/src/cake/libs/model/model.php, line 2621]
2011-11-13 14:20:56 Warning: Warning (512): <span style="color:Red;text-align:left"><b>SQL Error:</b> 1452: Cannot add or update a child row: a foreign key constraint fails (`scout102`.`factures`, CONSTRAINT `fk_factures_nb_versements` FOREIGN KEY (`nb_versement_id`) REFERENCES `nb_versements` (`id`) ON DELETE NO ACTION ON UPDATE NO ACTION)</span> in [/srv/http/scout/src/cake/libs/model/datasources/dbo_source.php, line 684]
2011-11-13 14:52:44 Warning: Warning (512): <span style="color:Red;text-align:left"><b>SQL Error:</b> 1064: You have an error in your SQL syntax; check the manual that corresponds to your MySQL server version for the right syntax to use near 'GROUP BY
						enfants.prenom,
						enfants.nom,
						paiement_types.nom,
				' at line 48</span> in [/srv/http/scout/src/cake/libs/model/datasources/dbo_source.php, line 684]
2011-11-13 14:52:44 Warning: Warning (2): Invalid argument supplied for foreach() in [/srv/http/scout/src/app/views/gestionnaire_paiement/index.ctp, line 19]
2011-11-13 16:13:18 Warning: Warning (2): checkdate() expects parameter 1 to be long, string given in [/srv/http/scout/src/app/models/information_generale.php, line 58]
2011-11-13 16:13:47 Warning: Warning (2): checkdate() expects parameter 1 to be long, string given in [/srv/http/scout/src/app/models/information_generale.php, line 58]
2011-11-13 16:15:31 Warning: Warning (2): checkdate() expects parameter 1 to be long, string given in [/srv/http/scout/src/app/models/information_generale.php, line 61]
2011-11-13 16:15:56 Warning: Warning (2): checkdate() expects parameter 1 to be long, string given in [/srv/http/scout/src/app/models/information_generale.php, line 61]
2011-11-13 16:16:01 Warning: Warning (2): checkdate() expects parameter 1 to be long, string given in [/srv/http/scout/src/app/models/information_generale.php, line 61]
2011-11-13 16:20:48 Warning: Warning (2): checkdate() expects parameter 1 to be long, string given in [/srv/http/scout/src/app/models/information_generale.php, line 61]
2011-11-13 16:51:32 Warning: Warning (2): Invalid argument supplied for foreach() in [/srv/http/scout/src/app/controllers/inscrire_enfant_controller.php, line 57]
2011-11-13 16:52:34 Warning: Warning (2): Invalid argument supplied for foreach() in [/srv/http/scout/src/app/controllers/inscrire_enfant_controller.php, line 62]
2011-11-13 16:52:38 Warning: Warning (2): Invalid argument supplied for foreach() in [/srv/http/scout/src/app/controllers/inscrire_enfant_controller.php, line 62]
2011-11-13 18:10:36 Warning: Warning (512): <span style="color:Red;text-align:left"><b>SQL Error:</b> 1062: Duplicate entry 'ssss@sss.com' for key 'nom_utilisateur_UNIQUE'</span> in [/srv/http/scout/src/cake/libs/model/datasources/dbo_source.php, line 684]
2011-11-13 19:11:14 Warning: Warning (2): Invalid argument supplied for foreach() in [/srv/http/scout/src/app/controllers/inscrire_enfant_controller.php, line 62]
2011-11-13 19:17:44 Warning: Warning (2): Invalid argument supplied for foreach() in [/srv/http/scout/src/app/controllers/inscrire_enfant_controller.php, line 89]
2011-11-13 19:19:29 Warning: Warning (2): Invalid argument supplied for foreach() in [/srv/http/scout/src/app/controllers/inscrire_enfant_controller.php, line 89]
2011-11-13 19:27:36 Warning: Warning (2): Invalid argument supplied for foreach() in [/srv/http/scout/src/app/controllers/inscrire_enfant_controller.php, line 89]
2011-11-14 14:09:09 Warning: Warning (2): strlen() expects parameter 1 to be string, array given in [/srv/http/scout/src/app/models/information_generale.php, line 125]
2011-11-14 14:10:11 Warning: Warning (2): strlen() expects parameter 1 to be string, array given in [/srv/http/scout/src/app/models/information_generale.php, line 126]
2011-11-14 14:15:37 Warning: Warning (2): strlen() expects parameter 1 to be string, array given in [/srv/http/scout/src/app/models/information_generale.php, line 123]
2011-11-17 09:42:24 Warning: Warning (512): <span style="color:Red;text-align:left"><b>SQL Error:</b> 1064: You have an error in your SQL syntax; check the manual that corresponds to your MySQL server version for the right syntax to use near 'SELECT SUM(versements.montant) FROM versements WHERE versements.fraterie_id = fa' at line 8</span> in [/srv/http/scout/src/cake/libs/model/datasources/dbo_source.php, line 684]
2011-11-17 09:55:02 Warning: Warning (512): <span style="color:Red;text-align:left"><b>SQL Error:</b> 1064: You have an error in your SQL syntax; check the manual that corresponds to your MySQL server version for the right syntax to use near 'GROUP BY
						Adulte.id,
						Adulte.nom,
						Adulte.prenom,
						Adulte.co' at line 55</span> in [/srv/http/scout/src/cake/libs/model/datasources/dbo_source.php, line 684]
2011-11-18 12:07:42 Warning: Warning (512): <span style="color:Red;text-align:left"><b>SQL Error:</b> 1064: You have an error in your SQL syntax; check the manual that corresponds to your MySQL server version for the right syntax to use near '.nb_versements != 1   ORDER BY `Fraterie`.`position` ASC, `Versement`.`position`' at line 1</span> in [/srv/http/scout/src/cake/libs/model/datasources/dbo_source.php, line 684]
2011-11-18 12:07:43 Warning: Warning (2): Invalid argument supplied for foreach() in [/srv/http/scout/src/app/views/gestionnaire_paiement/effectuer_paiement.ctp, line 32]
2011-11-20 15:54:06 Warning: Warning (512): <span style="color:Red;text-align:left"><b>SQL Error:</b> 1452: Cannot add or update a child row: a foreign key constraint fails (`scout102`.`fiche_medicales_maladies`, CONSTRAINT `fk_fiche_medicales_maladies_maladies` FOREIGN KEY (`maladie_id`) REFERENCES `maladies` (`id`) ON DELETE NO ACTION ON UPDATE NO ACTION)</span> in [/srv/http/scout/src/cake/libs/model/datasources/dbo_source.php, line 684]
2011-11-20 16:04:44 Warning: Warning (512): <span style="color:Red;text-align:left"><b>SQL Error:</b> 1048: Column 'maladie_id' cannot be null</span> in [/srv/http/scout/src/cake/libs/model/datasources/dbo_source.php, line 684]
2011-11-20 16:08:00 Warning: Warning (512): <span style="color:Red;text-align:left"><b>SQL Error:</b> 1048: Column 'maladie_id' cannot be null</span> in [/srv/http/scout/src/cake/libs/model/datasources/dbo_source.php, line 684]
2011-11-20 16:08:17 Warning: Warning (512): <span style="color:Red;text-align:left"><b>SQL Error:</b> 1452: Cannot add or update a child row: a foreign key constraint fails (`scout102`.`fiche_medicales_maladies`, CONSTRAINT `fk_fiche_medicales_maladies_maladies` FOREIGN KEY (`maladie_id`) REFERENCES `maladies` (`id`) ON DELETE NO ACTION ON UPDATE NO ACTION)</span> in [/srv/http/scout/src/cake/libs/model/datasources/dbo_source.php, line 684]
2011-11-20 16:24:20 Warning: Warning (512): <span style="color:Red;text-align:left"><b>SQL Error:</b> 1452: Cannot add or update a child row: a foreign key constraint fails (`scout102`.`fiche_medicales_maladies`, CONSTRAINT `fk_fiche_medicales_maladies_maladies` FOREIGN KEY (`maladie_id`) REFERENCES `maladies` (`id`) ON DELETE NO ACTION ON UPDATE NO ACTION)</span> in [/srv/http/scout/src/cake/libs/model/datasources/dbo_source.php, line 684]
2011-11-20 16:48:20 Warning: Warning (512): <span style="color:Red;text-align:left"><b>SQL Error:</b> 1452: Cannot add or update a child row: a foreign key constraint fails (`scout102`.`fiche_medicales_maladies`, CONSTRAINT `fk_fiche_medicales_maladies_fiche_medicales` FOREIGN KEY (`fiche_medicale_id`) REFERENCES `fiche_medicales` (`id`) ON DELETE NO ACTION ON UPD)</span> in [/srv/http/scout/src/cake/libs/model/datasources/dbo_source.php, line 684]
2011-11-21 09:46:40 Warning: Warning (512): <span style="color:Red;text-align:left"><b>SQL Error:</b> 1452: Cannot add or update a child row: a foreign key constraint fails (`scout102`.`fiche_medicales_maladies`, CONSTRAINT `fk_fiche_medicales_maladies_fiche_medicales` FOREIGN KEY (`fiche_medicale_id`) REFERENCES `fiche_medicales` (`id`) ON DELETE NO ACTION ON UPD)</span> in [/srv/http/scout/src/cake/libs/model/datasources/dbo_source.php, line 684]
2011-11-21 13:31:50 Warning: Warning (512): <span style="color:Red;text-align:left"><b>SQL Error:</b> 1064: You have an error in your SQL syntax; check the manual that corresponds to your MySQL server version for the right syntax to use near 'getInscriptions' at line 1</span> in [/srv/http/scout/src/cake/libs/model/datasources/dbo_source.php, line 684]
2011-11-21 13:31:50 Warning: Warning (2): Invalid argument supplied for foreach() in [/srv/http/scout/src/app/views/gestionnaire_paiement/index.ctp, line 22]
2011-11-21 13:34:07 Warning: Warning (512): <span style="color:Red;text-align:left"><b>SQL Error:</b> 1064: You have an error in your SQL syntax; check the manual that corresponds to your MySQL server version for the right syntax to use near 'getInscriptions' at line 1</span> in [/srv/http/scout/src/cake/libs/model/datasources/dbo_source.php, line 684]
2011-11-21 13:34:07 Warning: Warning (2): Invalid argument supplied for foreach() in [/srv/http/scout/src/app/views/gestionnaire_paiement/index.ctp, line 22]
2011-11-21 13:34:09 Warning: Warning (512): <span style="color:Red;text-align:left"><b>SQL Error:</b> 1064: You have an error in your SQL syntax; check the manual that corresponds to your MySQL server version for the right syntax to use near 'getInscriptions' at line 1</span> in [/srv/http/scout/src/cake/libs/model/datasources/dbo_source.php, line 684]
2011-11-21 13:34:09 Warning: Warning (2): Invalid argument supplied for foreach() in [/srv/http/scout/src/app/views/gestionnaire_paiement/index.ctp, line 22]
2011-11-21 13:45:21 Warning: Warning (512): <span style="color:Red;text-align:left"><b>SQL Error:</b> 1064: You have an error in your SQL syntax; check the manual that corresponds to your MySQL server version for the right syntax to use near 'getInscriptions' at line 1</span> in [/srv/http/scout/src/cake/libs/model/datasources/dbo_source.php, line 684]
2011-11-21 13:45:21 Warning: Warning (2): Invalid argument supplied for foreach() in [/srv/http/scout/src/app/views/gestionnaire_paiement/index.ctp, line 22]
2011-11-21 15:02:33 Warning: Warning (2): Missing argument 1 for PaiementMembreController::payer() in [/srv/http/scout/src/app/controllers/paiement_membre_controller.php, line 58]
2011-11-21 16:13:15 Warning: Warning (2): in_array() expects parameter 2 to be array, string given in [/srv/http/scout/src/app/models/paiement_membre.php, line 158]
2011-11-23 18:53:51 Warning: Warning (2): explode() expects parameter 2 to be string, array given in [/srv/http/scout/src/cake/libs/view/helper.php, line 415]
2011-11-23 18:53:51 Warning: Warning (2): array_values() expects parameter 1 to be array, boolean given in [/srv/http/scout/src/cake/libs/view/helper.php, line 415]
2011-11-23 18:53:51 Warning: Warning (2): explode() expects parameter 2 to be string, array given in [/srv/http/scout/src/cake/libs/view/view.php, line 636]
2011-11-23 18:53:51 Warning: Warning (2): implode() [http://php.net/function.implode]: Invalid arguments passed in [/srv/http/scout/src/cake/libs/view/helper.php, line 662]
2011-11-23 18:53:51 Warning: Warning (2): array_shift() expects parameter 1 to be array, boolean given in [/srv/http/scout/src/cake/libs/view/helper.php, line 616]
2011-11-23 18:53:51 Warning: Warning (2): array_map() [http://php.net/function.array-map]: Argument #2 should be an array in [/srv/http/scout/src/cake/libs/view/helper.php, line 617]
2011-11-23 18:53:51 Warning: Warning (2): join() [http://php.net/function.join]: Invalid arguments passed in [/srv/http/scout/src/cake/libs/view/helper.php, line 617]
2011-11-23 18:53:51 Warning: Warning (2): end() expects parameter 1 to be array, boolean given in [/srv/http/scout/src/cake/libs/view/helpers/form.php, line 443]
2011-11-23 18:53:51 Warning: Warning (2): array_pop() expects parameter 1 to be array, boolean given in [/srv/http/scout/src/cake/libs/view/helpers/form.php, line 445]
2011-11-23 18:53:51 Warning: Warning (2): implode() [http://php.net/function.implode]: Invalid arguments passed in [/srv/http/scout/src/cake/libs/view/helpers/form.php, line 448]
2011-11-24 09:45:50 Warning: Warning (2): Invalid argument supplied for foreach() in [/srv/http/scout/src/app/views/paiement_membre/payer.ctp, line 99]
2011-11-24 10:32:44 Warning: Warning (2): Missing argument 3 for getSélectionParDéfaut(), called in /srv/http/scout/src/app/views/paiement_membre/payer.ctp on line 90 and defined in [/srv/http/scout/src/app/views/paiement_membre/payer.ctp, line 12]
2011-11-24 11:21:54 Warning: Warning (2): NumberFormatter::format() [http://php.net/numberformatter.format]: Unsupported format type 6 in [/srv/http/scout/src/app/views/elements/repartition.ctp, line 30]
2011-11-24 13:04:37 Warning: Warning (2): Missing argument 1 for PaiementMembreController::payer() in [/srv/http/scout/src/app/controllers/paiement_membre_controller.php, line 58]
2011-11-24 13:04:37 Warning: Warning (2): Missing argument 2 for PaiementMembreController::payer() in [/srv/http/scout/src/app/controllers/paiement_membre_controller.php, line 58]
2011-11-24 13:04:37 Warning: Warning (2): Invalid argument supplied for foreach() in [/srv/http/scout/src/app/views/paiement_membre/payer.ctp, line 118]
2011-11-24 13:05:05 Warning: Warning (2): Missing argument 1 for PaiementMembreController::payer() in [/srv/http/scout/src/app/controllers/paiement_membre_controller.php, line 58]
2011-11-24 13:05:05 Warning: Warning (2): Missing argument 2 for PaiementMembreController::payer() in [/srv/http/scout/src/app/controllers/paiement_membre_controller.php, line 58]
2011-11-24 13:05:06 Warning: Warning (2): Missing argument 1 for PaiementMembreController::payer() in [/srv/http/scout/src/app/controllers/paiement_membre_controller.php, line 58]
2011-11-24 13:05:06 Warning: Warning (2): Missing argument 2 for PaiementMembreController::payer() in [/srv/http/scout/src/app/controllers/paiement_membre_controller.php, line 58]
2011-11-24 13:05:12 Warning: Warning (2): Missing argument 1 for PaiementMembreController::payer() in [/srv/http/scout/src/app/controllers/paiement_membre_controller.php, line 58]
2011-11-24 13:05:12 Warning: Warning (2): Missing argument 2 for PaiementMembreController::payer() in [/srv/http/scout/src/app/controllers/paiement_membre_controller.php, line 58]
2011-11-24 13:07:21 Warning: Warning (2): Missing argument 1 for PaiementMembreController::payer() in [/srv/http/scout/src/app/controllers/paiement_membre_controller.php, line 58]
2011-11-24 13:07:21 Warning: Warning (2): Missing argument 2 for PaiementMembreController::payer() in [/srv/http/scout/src/app/controllers/paiement_membre_controller.php, line 58]
2011-11-24 14:12:42 Warning: Warning (512): <span style="color:Red;text-align:left"><b>SQL Error:</b> 1452: Cannot add or update a child row: a foreign key constraint fails (`scout102`.`paiements`, CONSTRAINT `fk_paiements_paiement_types` FOREIGN KEY (`paiement_type_id`) REFERENCES `paiement_types` (`id`) ON DELETE NO ACTION ON UPDATE NO ACTION)</span> in [/srv/http/scout/src/cake/libs/model/datasources/dbo_source.php, line 684]
2011-11-24 14:14:20 Warning: Warning (512): <span style="color:Red;text-align:left"><b>SQL Error:</b> 1452: Cannot add or update a child row: a foreign key constraint fails (`scout102`.`paiements`, CONSTRAINT `fk_paiements_paiement_types` FOREIGN KEY (`paiement_type_id`) REFERENCES `paiement_types` (`id`) ON DELETE NO ACTION ON UPDATE NO ACTION)</span> in [/srv/http/scout/src/cake/libs/model/datasources/dbo_source.php, line 684]
2011-11-24 15:56:02 Warning: Warning (512): <span style="color:Red;text-align:left"><b>SQL Error:</b> 1452: Cannot add or update a child row: a foreign key constraint fails (`scout102`.`paiements`, CONSTRAINT `fk_paiements_paiement_types` FOREIGN KEY (`paiement_type_id`) REFERENCES `paiement_types` (`id`) ON DELETE NO ACTION ON UPDATE NO ACTION)</span> in [/srv/http/scout/src/cake/libs/model/datasources/dbo_source.php, line 684]
2011-11-24 16:02:12 Warning: Warning (512): <span style="color:Red;text-align:left"><b>SQL Error:</b> 1452: Cannot add or update a child row: a foreign key constraint fails (`scout102`.`paiements`, CONSTRAINT `fk_paiements_paiement_types` FOREIGN KEY (`paiement_type_id`) REFERENCES `paiement_types` (`id`) ON DELETE NO ACTION ON UPDATE NO ACTION)</span> in [/srv/http/scout/src/cake/libs/model/datasources/dbo_source.php, line 684]
2011-11-24 16:04:41 Warning: Warning (512): <span style="color:Red;text-align:left"><b>SQL Error:</b> 1452: Cannot add or update a child row: a foreign key constraint fails (`scout102`.`paiements`, CONSTRAINT `fk_paiements_paiement_types` FOREIGN KEY (`paiement_type_id`) REFERENCES `paiement_types` (`id`) ON DELETE NO ACTION ON UPDATE NO ACTION)</span> in [/srv/http/scout/src/cake/libs/model/datasources/dbo_source.php, line 684]
2011-11-24 16:06:12 Warning: Warning (512): <span style="color:Red;text-align:left"><b>SQL Error:</b> 1452: Cannot add or update a child row: a foreign key constraint fails (`scout102`.`paiements`, CONSTRAINT `fk_paiements_paiement_types` FOREIGN KEY (`paiement_type_id`) REFERENCES `paiement_types` (`id`) ON DELETE NO ACTION ON UPDATE NO ACTION)</span> in [/srv/http/scout/src/cake/libs/model/datasources/dbo_source.php, line 684]
2011-11-24 16:10:14 Warning: Warning (512): <span style="color:Red;text-align:left"><b>SQL Error:</b> 1452: Cannot add or update a child row: a foreign key constraint fails (`scout102`.`paiements`, CONSTRAINT `fk_paiements_paiement_types` FOREIGN KEY (`paiement_type_id`) REFERENCES `paiement_types` (`id`) ON DELETE NO ACTION ON UPDATE NO ACTION)</span> in [/srv/http/scout/src/cake/libs/model/datasources/dbo_source.php, line 684]
2011-11-24 16:16:05 Warning: Warning (512): <span style="color:Red;text-align:left"><b>SQL Error:</b> 1452: Cannot add or update a child row: a foreign key constraint fails (`scout102`.`paiements`, CONSTRAINT `fk_paiements_paiement_types` FOREIGN KEY (`paiement_type_id`) REFERENCES `paiement_types` (`id`) ON DELETE NO ACTION ON UPDATE NO ACTION)</span> in [/srv/http/scout/src/cake/libs/model/datasources/dbo_source.php, line 684]
2011-11-24 16:18:04 Warning: Warning (512): <span style="color:Red;text-align:left"><b>SQL Error:</b> 1452: Cannot add or update a child row: a foreign key constraint fails (`scout102`.`paiements`, CONSTRAINT `fk_paiements_paiement_types` FOREIGN KEY (`paiement_type_id`) REFERENCES `paiement_types` (`id`) ON DELETE NO ACTION ON UPDATE NO ACTION)</span> in [/srv/http/scout/src/cake/libs/model/datasources/dbo_source.php, line 684]
2011-11-24 16:19:21 Warning: Warning (512): <span style="color:Red;text-align:left"><b>SQL Error:</b> 1452: Cannot add or update a child row: a foreign key constraint fails (`scout102`.`paiements`, CONSTRAINT `fk_paiements_paiement_types` FOREIGN KEY (`paiement_type_id`) REFERENCES `paiement_types` (`id`) ON DELETE NO ACTION ON UPDATE NO ACTION)</span> in [/srv/http/scout/src/cake/libs/model/datasources/dbo_source.php, line 684]
2011-11-24 16:25:26 Warning: Warning (512): <span style="color:Red;text-align:left"><b>SQL Error:</b> 1452: Cannot add or update a child row: a foreign key constraint fails (`scout102`.`paiements`, CONSTRAINT `fk_paiements_paiement_types` FOREIGN KEY (`paiement_type_id`) REFERENCES `paiement_types` (`id`) ON DELETE NO ACTION ON UPDATE NO ACTION)</span> in [/srv/http/scout/src/cake/libs/model/datasources/dbo_source.php, line 684]
2011-11-24 16:31:25 Warning: Warning (512): <span style="color:Red;text-align:left"><b>SQL Error:</b> 1451: Cannot delete or update a parent row: a foreign key constraint fails (`scout102`.`paiements`, CONSTRAINT `fk_paiements_factures` FOREIGN KEY (`facture_id`) REFERENCES `factures` (`id`) ON DELETE NO ACTION ON UPDATE NO ACTION)</span> in [/srv/http/scout/src/cake/libs/model/datasources/dbo_source.php, line 684]
2011-11-24 16:35:29 Warning: Warning (512): <span style="color:Red;text-align:left"><b>SQL Error:</b> 1451: Cannot delete or update a parent row: a foreign key constraint fails (`scout102`.`paiements`, CONSTRAINT `fk_paiements_factures` FOREIGN KEY (`facture_id`) REFERENCES `factures` (`id`) ON DELETE NO ACTION ON UPDATE NO ACTION)</span> in [/srv/http/scout/src/cake/libs/model/datasources/dbo_source.php, line 684]
2011-11-24 16:59:00 Warning: Warning (512): <span style="color:Red;text-align:left"><b>SQL Error:</b> 1451: Cannot delete or update a parent row: a foreign key constraint fails (`scout102`.`paiements`, CONSTRAINT `fk_paiements_factures` FOREIGN KEY (`facture_id`) REFERENCES `factures` (`id`) ON DELETE NO ACTION ON UPDATE NO ACTION)</span> in [/srv/http/scout/src/cake/libs/model/datasources/dbo_source.php, line 684]
2011-11-25 15:19:14 Warning: Warning (2): Invalid argument supplied for foreach() in [/srv/http/scout/src/app/views/gestionnaire_paiement/index.ctp, line 22]
2011-11-25 16:15:48 Warning: Warning (512): <span style="color:Red;text-align:left"><b>SQL Error:</b> 1054: Unknown column 'Adulte.id' in 'where clause'</span> in [/srv/http/scout/src/cake/libs/model/datasources/dbo_source.php, line 684]
2011-11-25 16:17:16 Warning: Warning (512): <span style="color:Red;text-align:left"><b>SQL Error:</b> 1054: Unknown column 'Adulte.id' in 'where clause'</span> in [/srv/http/scout/src/cake/libs/model/datasources/dbo_source.php, line 684]
2011-11-25 16:27:18 Warning: Warning (512): <span style="color:Red;text-align:left"><b>SQL Error:</b> 1054: Unknown column 'Adulte.id' in 'where clause'</span> in [/srv/http/scout/src/cake/libs/model/datasources/dbo_source.php, line 684]
2011-11-25 16:33:56 Warning: Warning (512): <span style="color:Red;text-align:left"><b>SQL Error:</b> 1054: Unknown column 'Adulte.id' in 'where clause'</span> in [/srv/http/scout/src/cake/libs/model/datasources/dbo_source.php, line 684]
2011-11-25 16:38:22 Warning: Warning (512): <span style="color:Red;text-align:left"><b>SQL Error:</b> 1054: Unknown column 'Adulte.id' in 'where clause'</span> in [/srv/http/scout/src/cake/libs/model/datasources/dbo_source.php, line 684]
2011-11-25 16:38:23 Warning: Warning (512): <span style="color:Red;text-align:left"><b>SQL Error:</b> 1054: Unknown column 'Adulte.id' in 'where clause'</span> in [/srv/http/scout/src/cake/libs/model/datasources/dbo_source.php, line 684]
2011-11-25 16:38:24 Warning: Warning (512): <span style="color:Red;text-align:left"><b>SQL Error:</b> 1054: Unknown column 'Adulte.id' in 'where clause'</span> in [/srv/http/scout/src/cake/libs/model/datasources/dbo_source.php, line 684]
2011-11-25 16:38:25 Warning: Warning (512): <span style="color:Red;text-align:left"><b>SQL Error:</b> 1054: Unknown column 'Adulte.id' in 'where clause'</span> in [/srv/http/scout/src/cake/libs/model/datasources/dbo_source.php, line 684]
2011-11-25 16:38:26 Warning: Warning (512): <span style="color:Red;text-align:left"><b>SQL Error:</b> 1054: Unknown column 'Adulte.id' in 'where clause'</span> in [/srv/http/scout/src/cake/libs/model/datasources/dbo_source.php, line 684]
2011-11-25 16:39:30 Warning: Warning (512): <span style="color:Red;text-align:left"><b>SQL Error:</b> 1054: Unknown column 'Adulte.id' in 'where clause'</span> in [/srv/http/scout/src/cake/libs/model/datasources/dbo_source.php, line 684]
2011-11-25 16:39:31 Warning: Warning (512): <span style="color:Red;text-align:left"><b>SQL Error:</b> 1054: Unknown column 'Adulte.id' in 'where clause'</span> in [/srv/http/scout/src/cake/libs/model/datasources/dbo_source.php, line 684]
2011-11-25 16:46:21 Warning: Warning (512): <span style="color:Red;text-align:left"><b>SQL Error:</b> 1054: Unknown column 'Adulte.id' in 'where clause'</span> in [/srv/http/scout/src/cake/libs/model/datasources/dbo_source.php, line 684]
2011-11-25 16:46:22 Warning: Warning (512): <span style="color:Red;text-align:left"><b>SQL Error:</b> 1054: Unknown column 'Adulte.id' in 'where clause'</span> in [/srv/http/scout/src/cake/libs/model/datasources/dbo_source.php, line 684]
2011-11-25 16:46:35 Warning: Warning (512): <span style="color:Red;text-align:left"><b>SQL Error:</b> 1054: Unknown column 'Adulte.id' in 'where clause'</span> in [/srv/http/scout/src/cake/libs/model/datasources/dbo_source.php, line 684]
2011-11-25 20:01:39 Warning: Warning (2): Missing argument 1 for GestionnairePaiementController::courriel() in [/srv/http/scout/src/app/controllers/gestionnaire_paiement_controller.php, line 108]
2011-11-25 20:01:39 Warning: Warning (2): Missing argument 2 for GestionnairePaiementController::courriel() in [/srv/http/scout/src/app/controllers/gestionnaire_paiement_controller.php, line 108]
2011-11-25 20:01:40 Warning: Warning (2): Missing argument 1 for GestionnairePaiementController::courriel() in [/srv/http/scout/src/app/controllers/gestionnaire_paiement_controller.php, line 108]
2011-11-25 20:01:40 Warning: Warning (2): Missing argument 2 for GestionnairePaiementController::courriel() in [/srv/http/scout/src/app/controllers/gestionnaire_paiement_controller.php, line 108]
2011-11-25 20:02:13 Warning: Warning (2): Missing argument 1 for GestionnairePaiementController::courriel() in [/srv/http/scout/src/app/controllers/gestionnaire_paiement_controller.php, line 108]
2011-11-25 20:02:13 Warning: Warning (2): Missing argument 2 for GestionnairePaiementController::courriel() in [/srv/http/scout/src/app/controllers/gestionnaire_paiement_controller.php, line 108]
2011-11-26 10:32:49 Warning: Warning (2): Missing argument 1 for ListeProfilEnfant::getListeEnfant(), called in /srv/http/scout/src/app/controllers/liste_profil_enfant_controller.php on line 38 and defined in [/srv/http/scout/src/app/models/liste_profil_enfant.php, line 8]
2011-11-26 15:00:06 Warning: Warning (2): Missing argument 1 for GestionnairePaiementController::courriel() in [/srv/http/scout/src/app/controllers/gestionnaire_paiement_controller.php, line 108]
2011-11-26 15:38:08 Warning: Warning (2): Invalid argument supplied for foreach() in [/srv/http/scout/src/app/views/rapport_jeune/csv/liste.ctp, line 56]
2011-11-26 19:39:11 Warning: Warning (2): Missing argument 1 for GestionnairePaiementController::courriel() in [/srv/http/scout/src/app/controllers/gestionnaire_paiement_controller.php, line 109]
2011-11-26 19:40:09 Warning: Warning (2): Missing argument 1 for GestionnairePaiementController::courriel() in [/srv/http/scout/src/app/controllers/gestionnaire_paiement_controller.php, line 109]
2011-11-26 20:47:35 Warning: Warning (2): Missing argument 1 for PaiementMembreController::courriel() in [/srv/http/scout/src/app/controllers/paiement_membre_controller.php, line 177]
2011-11-26 20:48:29 Warning: Warning (2): Missing argument 1 for PaiementMembreController::courriel() in [/srv/http/scout/src/app/controllers/paiement_membre_controller.php, line 177]
2011-11-26 21:26:42 Warning: Warning (2): Missing argument 1 for PaiementMembreController::courriel() in [/srv/http/scout/src/app/controllers/paiement_membre_controller.php, line 177]
2011-11-26 21:27:38 Warning: Warning (2): Missing argument 1 for PaiementMembreController::courriel() in [/srv/http/scout/src/app/controllers/paiement_membre_controller.php, line 177]
2011-11-27 11:44:26 Warning: Warning (2): Invalid argument supplied for foreach() in [/srv/http/scout/src/app/views/gestionnaire_paiement/effectuer_paiement.ctp, line 34]
2011-11-27 11:44:26 Warning: Warning (2): Invalid argument supplied for foreach() in [/srv/http/scout/src/app/views/gestionnaire_paiement/effectuer_paiement.ctp, line 77]
2011-11-27 11:45:26 Warning: Warning (2): Invalid argument supplied for foreach() in [/srv/http/scout/src/app/views/gestionnaire_paiement/effectuer_paiement.ctp, line 34]
2011-11-27 11:45:26 Warning: Warning (2): Invalid argument supplied for foreach() in [/srv/http/scout/src/app/views/gestionnaire_paiement/effectuer_paiement.ctp, line 77]
2011-11-27 11:45:45 Warning: Warning (2): Invalid argument supplied for foreach() in [/srv/http/scout/src/app/views/gestionnaire_paiement/effectuer_paiement.ctp, line 34]
2011-11-27 11:45:45 Warning: Warning (2): Invalid argument supplied for foreach() in [/srv/http/scout/src/app/views/gestionnaire_paiement/effectuer_paiement.ctp, line 77]
2011-11-27 11:47:55 Warning: Warning (2): Invalid argument supplied for foreach() in [/srv/http/scout/src/app/views/gestionnaire_paiement/effectuer_paiement.ctp, line 34]
2011-11-27 11:47:55 Warning: Warning (2): Invalid argument supplied for foreach() in [/srv/http/scout/src/app/views/gestionnaire_paiement/effectuer_paiement.ctp, line 77]
2011-11-27 11:50:00 Warning: Warning (2): Invalid argument supplied for foreach() in [/srv/http/scout/src/app/views/gestionnaire_paiement/effectuer_paiement.ctp, line 34]
2011-11-27 11:50:00 Warning: Warning (2): Invalid argument supplied for foreach() in [/srv/http/scout/src/app/views/gestionnaire_paiement/effectuer_paiement.ctp, line 77]
2011-11-27 11:51:24 Warning: Warning (2): Invalid argument supplied for foreach() in [/srv/http/scout/src/app/views/gestionnaire_paiement/effectuer_paiement.ctp, line 34]
2011-11-27 11:51:24 Warning: Warning (2): Invalid argument supplied for foreach() in [/srv/http/scout/src/app/views/gestionnaire_paiement/effectuer_paiement.ctp, line 77]
2011-11-27 11:56:12 Warning: Warning (2): Invalid argument supplied for foreach() in [/srv/http/scout/src/app/views/gestionnaire_paiement/effectuer_paiement.ctp, line 34]
2011-11-27 11:56:12 Warning: Warning (2): Invalid argument supplied for foreach() in [/srv/http/scout/src/app/views/gestionnaire_paiement/effectuer_paiement.ctp, line 77]
2011-11-27 11:57:14 Warning: Warning (2): Invalid argument supplied for foreach() in [/srv/http/scout/src/app/views/gestionnaire_paiement/effectuer_paiement.ctp, line 34]
2011-11-27 11:57:14 Warning: Warning (2): Invalid argument supplied for foreach() in [/srv/http/scout/src/app/views/gestionnaire_paiement/effectuer_paiement.ctp, line 77]
2011-11-27 11:57:31 Warning: Warning (2): Invalid argument supplied for foreach() in [/srv/http/scout/src/app/views/gestionnaire_paiement/effectuer_paiement.ctp, line 34]
2011-11-27 11:57:31 Warning: Warning (2): Invalid argument supplied for foreach() in [/srv/http/scout/src/app/views/gestionnaire_paiement/effectuer_paiement.ctp, line 77]
2011-11-27 12:05:59 Warning: Warning (2): Invalid argument supplied for foreach() in [/srv/http/scout/src/app/views/gestionnaire_paiement/effectuer_paiement.ctp, line 34]
2011-11-27 12:05:59 Warning: Warning (2): Invalid argument supplied for foreach() in [/srv/http/scout/src/app/views/gestionnaire_paiement/effectuer_paiement.ctp, line 77]
2011-11-27 12:06:30 Warning: Warning (2): Invalid argument supplied for foreach() in [/srv/http/scout/src/app/views/gestionnaire_paiement/effectuer_paiement.ctp, line 34]
2011-11-27 12:06:30 Warning: Warning (2): Invalid argument supplied for foreach() in [/srv/http/scout/src/app/views/gestionnaire_paiement/effectuer_paiement.ctp, line 77]
2011-11-27 12:07:29 Warning: Warning (2): Invalid argument supplied for foreach() in [/srv/http/scout/src/app/views/gestionnaire_paiement/effectuer_paiement.ctp, line 34]
2011-11-27 12:07:29 Warning: Warning (2): Invalid argument supplied for foreach() in [/srv/http/scout/src/app/views/gestionnaire_paiement/effectuer_paiement.ctp, line 77]
2011-11-27 12:08:39 Warning: Warning (2): Invalid argument supplied for foreach() in [/srv/http/scout/src/app/views/gestionnaire_paiement/effectuer_paiement.ctp, line 34]
2011-11-27 12:08:39 Warning: Warning (2): Invalid argument supplied for foreach() in [/srv/http/scout/src/app/views/gestionnaire_paiement/effectuer_paiement.ctp, line 77]
2011-11-27 12:09:33 Warning: Warning (2): Invalid argument supplied for foreach() in [/srv/http/scout/src/app/views/gestionnaire_paiement/effectuer_paiement.ctp, line 34]
2011-11-27 12:09:33 Warning: Warning (2): Invalid argument supplied for foreach() in [/srv/http/scout/src/app/views/gestionnaire_paiement/effectuer_paiement.ctp, line 77]
2011-11-27 14:49:41 Warning: Warning (2): Cannot modify header information - headers already sent by (output started at /srv/http/scout/src/cake/libs/debugger.php:683) in [/srv/http/scout/src/cake/libs/controller/controller.php, line 742]
2011-11-27 14:56:44 Warning: Warning (2): Missing argument 1 for SupprimerComponent::supprimerInscription(), called in /srv/http/scout/src/app/controllers/inscription_confirmation_controller.php on line 16 and defined in [/srv/http/scout/src/app/controllers/components/supprimer.php, line 9]
2011-11-27 15:06:46 Warning: Warning (2): Cannot modify header information - headers already sent by (output started at /srv/http/scout/src/cake/libs/debugger.php:683) in [/srv/http/scout/src/cake/libs/controller/controller.php, line 742]
2011-11-27 15:11:06 Warning: Warning (2): Missing argument 1 for SupprimerComponent::supprimerInscription(), called in /srv/http/scout/src/app/controllers/inscription_confirmation_controller.php on line 16 and defined in [/srv/http/scout/src/app/controllers/components/supprimer.php, line 9]
2011-11-27 15:52:23 Warning: Warning (2): Missing argument 1 for SupprimerComponent::supprimerInscription(), called in /srv/http/scout/src/app/controllers/inscription_confirmation_controller.php on line 16 and defined in [/srv/http/scout/src/app/controllers/components/supprimer.php, line 9]
2011-11-27 15:57:49 Warning: Warning (2): Invalid argument supplied for foreach() in [/srv/http/scout/src/app/views/gestionnaire_paiement/effectuer_paiement.ctp, line 34]
2011-11-27 15:57:49 Warning: Warning (2): Invalid argument supplied for foreach() in [/srv/http/scout/src/app/views/gestionnaire_paiement/effectuer_paiement.ctp, line 90]
2011-11-28 08:35:21 Warning: Warning (2): Missing argument 1 for ModificationController::informationGenerale() in [/srv/http/scout/src/app/controllers/modification_controller.php, line 32]
2011-11-28 08:35:21 Warning: Warning (2): Invalid argument supplied for foreach() in [/srv/http/scout/src/app/views/modification/information_generale.ctp, line 99]
2011-11-28 08:35:29 Warning: Warning (2): Missing argument 1 for ModificationController::ficheMedicale() in [/srv/http/scout/src/app/controllers/modification_controller.php, line 102]
2011-11-28 08:35:29 Warning: Warning (2): Invalid argument supplied for foreach() in [/srv/http/scout/src/app/controllers/modification_controller.php, line 127]
2011-11-28 08:35:29 Warning: Warning (2): Invalid argument supplied for foreach() in [/srv/http/scout/src/app/controllers/modification_controller.php, line 131]
2011-11-28 08:35:29 Warning: Warning (2): Invalid argument supplied for foreach() in [/srv/http/scout/src/app/controllers/modification_controller.php, line 146]
